# JRE version: Java(TM) SE Runtime Environment (17.0.8+9) (build 17.0.8+9-LTS-211)
# Java VM: Java HotSpot(TM) 64-Bit Server VM (17.0.8+9-LTS-211, mixed mode, sharing, tiered, compressed oops, compressed class ptrs, g1 gc, windows-amd64)
GC Precious Log:
 CPUs: 8 total, 8 available
 Memory: 3899M
 Large Page Support: Disabled
 NUMA Support: Disabled
 Compressed Oops: Enabled (32-bit)
 Heap Region Size: 1M
 Heap Min Capacity: 8M
 Heap Initial Capacity: 62M
 Heap Max Capacity: 976M
 Pre-touch: Disabled
 Parallel Workers: 8
 Concurrent Workers: 2
 Concurrent Refinement Workers: 8
 Periodic GC: Disabled
Heap:
 garbage-first heap   total 55296K, used 32513K [0x00000000c3000000, 0x0000000100000000)
  region size 1024K, 9 young (9216K), 3 survivors (3072K)
 Metaspace       used 60149K, committed 60672K, reserved 1114112K
  class space    used 8294K, committed 8512K, reserved 1048576K
GC Heap History (20 events):
Event: 11.443 GC heap before
{Heap before GC invocations=6 (full 0):
 garbage-first heap   total 55296K, used 43287K [0x00000000c3000000, 0x0000000100000000)
  region size 1024K, 32 young (32768K), 3 survivors (3072K)
 Metaspace       used 26178K, committed 26560K, reserved 1114112K
  class space    used 3371K, committed 3520K, reserved 1048576K
}
Event: 11.451 GC heap after
{Heap after GC invocations=7 (full 0):
 garbage-first heap   total 55296K, used 17283K [0x00000000c3000000, 0x0000000100000000)
  region size 1024K, 4 young (4096K), 4 survivors (4096K)
 Metaspace       used 26178K, committed 26560K, reserved 1114112K
  class space    used 3371K, committed 3520K, reserved 1048576K
}
Event: 13.331 GC heap before
{Heap before GC invocations=7 (full 0):
 garbage-first heap   total 55296K, used 38787K [0x00000000c3000000, 0x0000000100000000)
  region size 1024K, 26 young (26624K), 4 survivors (4096K)
 Metaspace       used 30078K, committed 30464K, reserved 1114112K
  class space    used 3860K, committed 4032K, reserved 1048576K
}
Event: 13.340 GC heap after
{Heap after GC invocations=8 (full 0):
 garbage-first heap   total 55296K, used 18854K [0x00000000c3000000, 0x0000000100000000)
  region size 1024K, 2 young (2048K), 2 survivors (2048K)
 Metaspace       used 30078K, committed 30464K, reserved 1114112K
  class space    used 3860K, committed 4032K, reserved 1048576K
}
Event: 14.413 GC heap before
{Heap before GC invocations=8 (full 0):
 garbage-first heap   total 55296K, used 40358K [0x00000000c3000000, 0x0000000100000000)
  region size 1024K, 23 young (23552K), 2 survivors (2048K)
 Metaspace       used 34974K, committed 35392K, reserved 1114112K
  class space    used 4572K, committed 4736K, reserved 1048576K
}
Event: 14.418 GC heap after
{Heap after GC invocations=9 (full 0):
 garbage-first heap   total 55296K, used 20189K [0x00000000c3000000, 0x0000000100000000)
  region size 1024K, 2 young (2048K), 2 survivors (2048K)
 Metaspace       used 34974K, committed 35392K, reserved 1114112K
  class space    used 4572K, committed 4736K, reserved 1048576K
}
Event: 14.534 GC heap before
{Heap before GC invocations=9 (full 0):
 garbage-first heap   total 55296K, used 23261K [0x00000000c3000000, 0x0000000100000000)
  region size 1024K, 6 young (6144K), 2 survivors (2048K)
 Metaspace       used 35610K, committed 35968K, reserved 1114112K
  class space    used 4706K, committed 4864K, reserved 1048576K
}
Event: 14.537 GC heap after
{Heap after GC invocations=10 (full 0):
 garbage-first heap   total 55296K, used 20242K [0x00000000c3000000, 0x0000000100000000)
  region size 1024K, 2 young (2048K), 2 survivors (2048K)
 Metaspace       used 35610K, committed 35968K, reserved 1114112K
  class space    used 4706K, committed 4864K, reserved 1048576K
}
Event: 15.820 GC heap before
{Heap before GC invocations=11 (full 0):
 garbage-first heap   total 55296K, used 41746K [0x00000000c3000000, 0x0000000100000000)
  region size 1024K, 23 young (23552K), 2 survivors (2048K)
 Metaspace       used 41381K, committed 41792K, reserved 1114112K
  class space    used 5536K, committed 5760K, reserved 1048576K
}
Event: 15.824 GC heap after
{Heap after GC invocations=12 (full 0):
 garbage-first heap   total 55296K, used 21555K [0x00000000c3000000, 0x0000000100000000)
  region size 1024K, 3 young (3072K), 3 survivors (3072K)
 Metaspace       used 41381K, committed 41792K, reserved 1114112K
  class space    used 5536K, committed 5760K, reserved 1048576K
}
Event: 17.883 GC heap before
{Heap before GC invocations=12 (full 0):
 garbage-first heap   total 55296K, used 42035K [0x00000000c3000000, 0x0000000100000000)
  region size 1024K, 24 young (24576K), 3 survivors (3072K)
 Metaspace       used 46546K, committed 47040K, reserved 1114112K
  class space    used 6146K, committed 6400K, reserved 1048576K
}
Event: 17.887 GC heap after
{Heap after GC invocations=13 (full 0):
 garbage-first heap   total 55296K, used 22855K [0x00000000c3000000, 0x0000000100000000)
  region size 1024K, 3 young (3072K), 3 survivors (3072K)
 Metaspace       used 46546K, committed 47040K, reserved 1114112K
  class space    used 6146K, committed 6400K, reserved 1048576K
}
Event: 19.334 GC heap before
{Heap before GC invocations=13 (full 0):
 garbage-first heap   total 55296K, used 43335K [0x00000000c3000000, 0x0000000100000000)
  region size 1024K, 23 young (23552K), 3 survivors (3072K)
 Metaspace       used 51592K, committed 52160K, reserved 1114112K
  class space    used 7095K, committed 7360K, reserved 1048576K
}
Event: 19.338 GC heap after
{Heap after GC invocations=14 (full 0):
 garbage-first heap   total 55296K, used 23672K [0x00000000c3000000, 0x0000000100000000)
  region size 1024K, 3 young (3072K), 3 survivors (3072K)
 Metaspace       used 51592K, committed 52160K, reserved 1114112K
  class space    used 7095K, committed 7360K, reserved 1048576K
}
Event: 20.319 GC heap before
{Heap before GC invocations=14 (full 0):
 garbage-first heap   total 55296K, used 43128K [0x00000000c3000000, 0x0000000100000000)
  region size 1024K, 22 young (22528K), 3 survivors (3072K)
 Metaspace       used 55849K, committed 56384K, reserved 1114112K
  class space    used 7617K, committed 7872K, reserved 1048576K
}
Event: 20.323 GC heap after
{Heap after GC invocations=15 (full 0):
 garbage-first heap   total 55296K, used 25266K [0x00000000c3000000, 0x0000000100000000)
  region size 1024K, 3 young (3072K), 3 survivors (3072K)
 Metaspace       used 55849K, committed 56384K, reserved 1114112K
  class space    used 7617K, committed 7872K, reserved 1048576K
}
Event: 21.043 GC heap before
{Heap before GC invocations=15 (full 0):
 garbage-first heap   total 55296K, used 43698K [0x00000000c3000000, 0x0000000100000000)
  region size 1024K, 21 young (21504K), 3 survivors (3072K)
 Metaspace       used 58721K, committed 59264K, reserved 1114112K
  class space    used 8061K, committed 8320K, reserved 1048576K
}
Event: 21.049 GC heap after
{Heap after GC invocations=16 (full 0):
 garbage-first heap   total 55296K, used 26653K [0x00000000c3000000, 0x0000000100000000)
  region size 1024K, 3 young (3072K), 3 survivors (3072K)
 Metaspace       used 58721K, committed 59264K, reserved 1114112K
  class space    used 8061K, committed 8320K, reserved 1048576K
}
Event: 21.340 GC heap before
{Heap before GC invocations=16 (full 0):
 garbage-first heap   total 55296K, used 31773K [0x00000000c3000000, 0x0000000100000000)
  region size 1024K, 9 young (9216K), 3 survivors (3072K)
 Metaspace       used 59804K, committed 60288K, reserved 1114112K
  class space    used 8217K, committed 8448K, reserved 1048576K
}
Event: 21.348 GC heap after
{Heap after GC invocations=17 (full 0):
 garbage-first heap   total 55296K, used 27393K [0x00000000c3000000, 0x0000000100000000)
  region size 1024K, 3 young (3072K), 3 survivors (3072K)
 Metaspace       used 59804K, committed 60288K, reserved 1114112K
  class space    used 8217K, committed 8448K, reserved 1048576K
}

